[2024-09-03T19:23:06.289+0000] {local_task_job_runner.py:120} INFO - ::group::Pre task execution logs
[2024-09-03T19:23:06.325+0000] {taskinstance.py:2076} INFO - Dependencies all met for dep_context=non-requeueable deps ti=<TaskInstance: etl-cocktails.creacion-data-frame manual__2024-09-03T19:16:44.374424+00:00 [queued]>
[2024-09-03T19:23:06.669+0000] {taskinstance.py:2076} INFO - Dependencies all met for dep_context=requeueable deps ti=<TaskInstance: etl-cocktails.creacion-data-frame manual__2024-09-03T19:16:44.374424+00:00 [queued]>
[2024-09-03T19:23:06.671+0000] {taskinstance.py:2306} INFO - Starting attempt 1 of 4
[2024-09-03T19:23:06.704+0000] {taskinstance.py:2330} INFO - Executing <Task(PythonOperator): creacion-data-frame> on 2024-09-03 19:16:44.374424+00:00
[2024-09-03T19:23:06.741+0000] {warnings.py:112} WARNING - /home/***/.local/lib/python3.12/site-packages/***/task/task_runner/standard_task_runner.py:61: DeprecationWarning: This process (pid=293) is multi-threaded, use of fork() may lead to deadlocks in the child.
  pid = os.fork()

[2024-09-03T19:23:06.743+0000] {standard_task_runner.py:63} INFO - Started process 300 to run task
[2024-09-03T19:23:06.749+0000] {standard_task_runner.py:90} INFO - Running: ['***', 'tasks', 'run', 'etl-cocktails', 'creacion-data-frame', 'manual__2024-09-03T19:16:44.374424+00:00', '--job-id', '29', '--raw', '--subdir', 'DAGS_FOLDER/ETL_cocktails.py', '--cfg-path', '/tmp/tmpsuhc1gje']
[2024-09-03T19:23:06.753+0000] {standard_task_runner.py:91} INFO - Job 29: Subtask creacion-data-frame
[2024-09-03T19:23:06.818+0000] {task_command.py:426} INFO - Running <TaskInstance: etl-cocktails.creacion-data-frame manual__2024-09-03T19:16:44.374424+00:00 [running]> on host 696620f486cd
[2024-09-03T19:23:06.917+0000] {taskinstance.py:2648} INFO - Exporting env vars: AIRFLOW_CTX_DAG_OWNER='juansaobento' AIRFLOW_CTX_DAG_ID='etl-cocktails' AIRFLOW_CTX_TASK_ID='creacion-data-frame' AIRFLOW_CTX_EXECUTION_DATE='2024-09-03T19:16:44.374424+00:00' AIRFLOW_CTX_TRY_NUMBER='1' AIRFLOW_CTX_DAG_RUN_ID='manual__2024-09-03T19:16:44.374424+00:00'
[2024-09-03T19:23:06.920+0000] {taskinstance.py:430} INFO - ::endgroup::
[2024-09-03T19:23:07.254+0000] {python.py:237} INFO - Done. Returned value was:   idDrink  ...                                       Ingredientes
0   11011  ...  {"Triple sec": "1 oz ", "Apricot brandy": "1 o...

[1 rows x 7 columns]
[2024-09-03T19:23:07.265+0000] {taskinstance.py:441} INFO - ::group::Post task execution logs
[2024-09-03T19:23:07.308+0000] {taskinstance.py:1206} INFO - Marking task as SUCCESS. dag_id=etl-cocktails, task_id=creacion-data-frame, run_id=manual__2024-09-03T19:16:44.374424+00:00, execution_date=20240903T191644, start_date=20240903T192306, end_date=20240903T192307
[2024-09-03T19:23:07.334+0000] {local_task_job_runner.py:240} INFO - Task exited with return code 0
[2024-09-03T19:23:07.354+0000] {taskinstance.py:3503} INFO - 1 downstream tasks scheduled from follow-on schedule check
[2024-09-03T19:23:07.357+0000] {local_task_job_runner.py:222} INFO - ::endgroup::
