[2024-09-03T19:22:55.189+0000] {local_task_job_runner.py:120} INFO - ::group::Pre task execution logs
[2024-09-03T19:22:55.272+0000] {taskinstance.py:2076} INFO - Dependencies all met for dep_context=non-requeueable deps ti=<TaskInstance: etl-cocktails.obtencion-operator scheduled__2024-08-27T00:00:00+00:00 [queued]>
[2024-09-03T19:22:55.292+0000] {taskinstance.py:2076} INFO - Dependencies all met for dep_context=requeueable deps ti=<TaskInstance: etl-cocktails.obtencion-operator scheduled__2024-08-27T00:00:00+00:00 [queued]>
[2024-09-03T19:22:55.293+0000] {taskinstance.py:2306} INFO - Starting attempt 2 of 4
[2024-09-03T19:22:57.261+0000] {taskinstance.py:2330} INFO - Executing <Task(PythonOperator): obtencion-operator> on 2024-08-27 00:00:00+00:00
[2024-09-03T19:22:57.271+0000] {warnings.py:112} WARNING - /home/***/.local/lib/python3.12/site-packages/***/task/task_runner/standard_task_runner.py:61: DeprecationWarning: This process (pid=276) is multi-threaded, use of fork() may lead to deadlocks in the child.
  pid = os.fork()

[2024-09-03T19:22:57.273+0000] {standard_task_runner.py:63} INFO - Started process 286 to run task
[2024-09-03T19:22:57.277+0000] {standard_task_runner.py:90} INFO - Running: ['***', 'tasks', 'run', 'etl-cocktails', 'obtencion-operator', 'scheduled__2024-08-27T00:00:00+00:00', '--job-id', '25', '--raw', '--subdir', 'DAGS_FOLDER/ETL_cocktails.py', '--cfg-path', '/tmp/tmpz8pbsh3r']
[2024-09-03T19:22:57.280+0000] {standard_task_runner.py:91} INFO - Job 25: Subtask obtencion-operator
[2024-09-03T19:22:57.344+0000] {task_command.py:426} INFO - Running <TaskInstance: etl-cocktails.obtencion-operator scheduled__2024-08-27T00:00:00+00:00 [running]> on host 696620f486cd
[2024-09-03T19:22:57.435+0000] {taskinstance.py:2648} INFO - Exporting env vars: AIRFLOW_CTX_DAG_OWNER='juansaobento' AIRFLOW_CTX_DAG_ID='etl-cocktails' AIRFLOW_CTX_TASK_ID='obtencion-operator' AIRFLOW_CTX_EXECUTION_DATE='2024-08-27T00:00:00+00:00' AIRFLOW_CTX_TRY_NUMBER='2' AIRFLOW_CTX_DAG_RUN_ID='scheduled__2024-08-27T00:00:00+00:00'
[2024-09-03T19:22:57.436+0000] {taskinstance.py:430} INFO - ::endgroup::
[2024-09-03T19:22:57.790+0000] {python.py:237} INFO - Done. Returned value was:   idDrink  ...         dateModified
0   11390  ...  2017-09-08 16:27:49

[1 rows x 51 columns]
[2024-09-03T19:22:57.877+0000] {taskinstance.py:441} INFO - ::group::Post task execution logs
[2024-09-03T19:22:57.976+0000] {taskinstance.py:1206} INFO - Marking task as SUCCESS. dag_id=etl-cocktails, task_id=obtencion-operator, run_id=scheduled__2024-08-27T00:00:00+00:00, execution_date=20240827T000000, start_date=20240903T192255, end_date=20240903T192257
[2024-09-03T19:23:04.603+0000] {local_task_job_runner.py:240} INFO - Task exited with return code 0
[2024-09-03T19:23:04.821+0000] {taskinstance.py:3503} INFO - 1 downstream tasks scheduled from follow-on schedule check
[2024-09-03T19:23:04.839+0000] {local_task_job_runner.py:222} INFO - ::endgroup::
