[2024-09-03T19:23:06.018+0000] {local_task_job_runner.py:120} INFO - ::group::Pre task execution logs
[2024-09-03T19:23:06.050+0000] {taskinstance.py:2076} INFO - Dependencies all met for dep_context=non-requeueable deps ti=<TaskInstance: etl-cocktails.creacion-data-frame scheduled__2024-08-30T00:00:00+00:00 [queued]>
[2024-09-03T19:23:06.327+0000] {taskinstance.py:2076} INFO - Dependencies all met for dep_context=requeueable deps ti=<TaskInstance: etl-cocktails.creacion-data-frame scheduled__2024-08-30T00:00:00+00:00 [queued]>
[2024-09-03T19:23:06.328+0000] {taskinstance.py:2306} INFO - Starting attempt 1 of 4
[2024-09-03T19:23:06.351+0000] {taskinstance.py:2330} INFO - Executing <Task(PythonOperator): creacion-data-frame> on 2024-08-30 00:00:00+00:00
[2024-09-03T19:23:06.374+0000] {warnings.py:112} WARNING - /home/***/.local/lib/python3.12/site-packages/***/task/task_runner/standard_task_runner.py:61: DeprecationWarning: This process (pid=289) is multi-threaded, use of fork() may lead to deadlocks in the child.
  pid = os.fork()

[2024-09-03T19:23:06.377+0000] {standard_task_runner.py:63} INFO - Started process 297 to run task
[2024-09-03T19:23:06.387+0000] {standard_task_runner.py:90} INFO - Running: ['***', 'tasks', 'run', 'etl-cocktails', 'creacion-data-frame', 'scheduled__2024-08-30T00:00:00+00:00', '--job-id', '27', '--raw', '--subdir', 'DAGS_FOLDER/ETL_cocktails.py', '--cfg-path', '/tmp/tmpljk6pqa9']
[2024-09-03T19:23:06.391+0000] {standard_task_runner.py:91} INFO - Job 27: Subtask creacion-data-frame
[2024-09-03T19:23:06.483+0000] {task_command.py:426} INFO - Running <TaskInstance: etl-cocktails.creacion-data-frame scheduled__2024-08-30T00:00:00+00:00 [running]> on host 696620f486cd
[2024-09-03T19:23:06.704+0000] {taskinstance.py:2648} INFO - Exporting env vars: AIRFLOW_CTX_DAG_OWNER='juansaobento' AIRFLOW_CTX_DAG_ID='etl-cocktails' AIRFLOW_CTX_TASK_ID='creacion-data-frame' AIRFLOW_CTX_EXECUTION_DATE='2024-08-30T00:00:00+00:00' AIRFLOW_CTX_TRY_NUMBER='1' AIRFLOW_CTX_DAG_RUN_ID='scheduled__2024-08-30T00:00:00+00:00'
[2024-09-03T19:23:06.709+0000] {taskinstance.py:430} INFO - ::endgroup::
[2024-09-03T19:23:07.111+0000] {python.py:237} INFO - Done. Returned value was:   idDrink  ...      Ingredientes
0   15951  ...  {"Ice": "cubes"}

[1 rows x 7 columns]
[2024-09-03T19:23:07.121+0000] {taskinstance.py:441} INFO - ::group::Post task execution logs
[2024-09-03T19:23:07.152+0000] {taskinstance.py:1206} INFO - Marking task as SUCCESS. dag_id=etl-cocktails, task_id=creacion-data-frame, run_id=scheduled__2024-08-30T00:00:00+00:00, execution_date=20240830T000000, start_date=20240903T192306, end_date=20240903T192307
[2024-09-03T19:23:07.196+0000] {local_task_job_runner.py:240} INFO - Task exited with return code 0
[2024-09-03T19:23:07.218+0000] {taskinstance.py:3503} INFO - 1 downstream tasks scheduled from follow-on schedule check
[2024-09-03T19:23:07.221+0000] {local_task_job_runner.py:222} INFO - ::endgroup::
