[2024-09-03T19:18:54.906+0000] {local_task_job_runner.py:120} INFO - ::group::Pre task execution logs
[2024-09-03T19:18:55.422+0000] {taskinstance.py:2076} INFO - Dependencies all met for dep_context=non-requeueable deps ti=<TaskInstance: etl-cocktails.creacion-data-frame scheduled__2024-08-28T00:00:00+00:00 [queued]>
[2024-09-03T19:18:55.565+0000] {taskinstance.py:2076} INFO - Dependencies all met for dep_context=requeueable deps ti=<TaskInstance: etl-cocktails.creacion-data-frame scheduled__2024-08-28T00:00:00+00:00 [queued]>
[2024-09-03T19:18:55.573+0000] {taskinstance.py:2306} INFO - Starting attempt 1 of 4
[2024-09-03T19:19:30.411+0000] {taskinstance.py:2330} INFO - Executing <Task(PythonOperator): creacion-data-frame> on 2024-08-28 00:00:00+00:00
[2024-09-03T19:19:30.428+0000] {warnings.py:112} WARNING - /home/***/.local/lib/python3.12/site-packages/***/task/task_runner/standard_task_runner.py:61: DeprecationWarning: This process (pid=191) is multi-threaded, use of fork() may lead to deadlocks in the child.
  pid = os.fork()

[2024-09-03T19:19:30.430+0000] {standard_task_runner.py:63} INFO - Started process 212 to run task
[2024-09-03T19:19:30.449+0000] {standard_task_runner.py:90} INFO - Running: ['***', 'tasks', 'run', 'etl-cocktails', 'creacion-data-frame', 'scheduled__2024-08-28T00:00:00+00:00', '--job-id', '12', '--raw', '--subdir', 'DAGS_FOLDER/ETL_cocktails.py', '--cfg-path', '/tmp/tmpl4fp9ywz']
[2024-09-03T19:19:30.453+0000] {standard_task_runner.py:91} INFO - Job 12: Subtask creacion-data-frame
[2024-09-03T19:19:30.622+0000] {task_command.py:426} INFO - Running <TaskInstance: etl-cocktails.creacion-data-frame scheduled__2024-08-28T00:00:00+00:00 [running]> on host 696620f486cd
[2024-09-03T19:19:30.776+0000] {taskinstance.py:2648} INFO - Exporting env vars: AIRFLOW_CTX_DAG_OWNER='juansaobento' AIRFLOW_CTX_DAG_ID='etl-cocktails' AIRFLOW_CTX_TASK_ID='creacion-data-frame' AIRFLOW_CTX_EXECUTION_DATE='2024-08-28T00:00:00+00:00' AIRFLOW_CTX_TRY_NUMBER='1' AIRFLOW_CTX_DAG_RUN_ID='scheduled__2024-08-28T00:00:00+00:00'
[2024-09-03T19:19:30.777+0000] {taskinstance.py:430} INFO - ::endgroup::
[2024-09-03T19:19:31.247+0000] {python.py:237} INFO - Done. Returned value was:   idDrink  ...                                       Ingredientes
0  178368  ...  {"Dark Rum": "4.5 cL", "Orange Juice": "3 cl",...

[1 rows x 7 columns]
[2024-09-03T19:19:31.314+0000] {taskinstance.py:441} INFO - ::group::Post task execution logs
[2024-09-03T19:19:31.469+0000] {taskinstance.py:1206} INFO - Marking task as SUCCESS. dag_id=etl-cocktails, task_id=creacion-data-frame, run_id=scheduled__2024-08-28T00:00:00+00:00, execution_date=20240828T000000, start_date=20240903T191855, end_date=20240903T191931
[2024-09-03T19:19:31.552+0000] {local_task_job_runner.py:240} INFO - Task exited with return code 0
[2024-09-03T19:19:31.660+0000] {taskinstance.py:3503} INFO - 1 downstream tasks scheduled from follow-on schedule check
[2024-09-03T19:19:31.699+0000] {local_task_job_runner.py:222} INFO - ::endgroup::
