[2024-09-03T18:59:57.426+0000] {manager.py:470} INFO - Processing files using up to 2 processes at a time 
[2024-09-03T18:59:57.439+0000] {manager.py:471} INFO - Process each file at most once every 30 seconds
[2024-09-03T18:59:57.440+0000] {manager.py:472} INFO - Checking for new files in /opt/airflow/dags every 300 seconds
[2024-09-03T18:59:57.442+0000] {manager.py:737} INFO - Searching for files in /opt/airflow/dags
[2024-09-03T18:59:57.523+0000] {manager.py:740} INFO - There are 1 files in /opt/airflow/dags
[2024-09-03T18:59:57.759+0000] {manager.py:878} INFO - 
================================================================================
DAG File Processing Stats

File Path                             PID  Runtime      # DAGs    # Errors  Last Runtime    Last Run
----------------------------------  -----  ---------  --------  ----------  --------------  ----------
/opt/airflow/dags/ETL_cocktails.py     56  0.09s             0           0
================================================================================
[2024-09-03T19:00:27.834+0000] {manager.py:878} INFO - 
================================================================================
DAG File Processing Stats

File Path                           PID    Runtime      # DAGs    # Errors  Last Runtime    Last Run
----------------------------------  -----  ---------  --------  ----------  --------------  -------------------
/opt/airflow/dags/ETL_cocktails.py                           0           1  7.63s           2024-09-03T19:00:05
================================================================================
[2024-09-03T19:00:59.931+0000] {manager.py:878} INFO - 
================================================================================
DAG File Processing Stats

File Path                           PID    Runtime      # DAGs    # Errors  Last Runtime    Last Run
----------------------------------  -----  ---------  --------  ----------  --------------  -------------------
/opt/airflow/dags/ETL_cocktails.py                           0           1  3.06s           2024-09-03T19:00:39
================================================================================
[2024-09-03T19:01:31.558+0000] {manager.py:878} INFO - 
================================================================================
DAG File Processing Stats

File Path                           PID    Runtime      # DAGs    # Errors  Last Runtime    Last Run
----------------------------------  -----  ---------  --------  ----------  --------------  -------------------
/opt/airflow/dags/ETL_cocktails.py                           0           1  3.43s           2024-09-03T19:01:16
================================================================================
[2024-09-03T19:02:01.725+0000] {manager.py:878} INFO - 
================================================================================
DAG File Processing Stats

File Path                           PID    Runtime      # DAGs    # Errors  Last Runtime    Last Run
----------------------------------  -----  ---------  --------  ----------  --------------  -------------------
/opt/airflow/dags/ETL_cocktails.py                           0           1  2.01s           2024-09-03T19:01:50
================================================================================
[2024-09-03T19:02:32.710+0000] {manager.py:878} INFO - 
================================================================================
DAG File Processing Stats

File Path                           PID    Runtime      # DAGs    # Errors  Last Runtime    Last Run
----------------------------------  -----  ---------  --------  ----------  --------------  -------------------
/opt/airflow/dags/ETL_cocktails.py                           0           1  1.05s           2024-09-03T19:02:22
================================================================================
[2024-09-03T19:03:02.850+0000] {manager.py:878} INFO - 
================================================================================
DAG File Processing Stats

File Path                           PID    Runtime      # DAGs    # Errors  Last Runtime    Last Run
----------------------------------  -----  ---------  --------  ----------  --------------  -------------------
/opt/airflow/dags/ETL_cocktails.py                           0           1  2.84s           2024-09-03T19:02:55
================================================================================
[2024-09-03T19:03:32.923+0000] {manager.py:878} INFO - 
================================================================================
DAG File Processing Stats

File Path                           PID    Runtime      # DAGs    # Errors  Last Runtime    Last Run
----------------------------------  -----  ---------  --------  ----------  --------------  -------------------
/opt/airflow/dags/ETL_cocktails.py                           0           1  0.54s           2024-09-03T19:03:26
================================================================================
[2024-09-03T19:04:03.475+0000] {manager.py:878} INFO - 
================================================================================
DAG File Processing Stats

File Path                           PID    Runtime      # DAGs    # Errors  Last Runtime    Last Run
----------------------------------  -----  ---------  --------  ----------  --------------  -------------------
/opt/airflow/dags/ETL_cocktails.py                           0           1  0.58s           2024-09-03T19:03:57
================================================================================
[2024-09-03T19:04:33.648+0000] {manager.py:878} INFO - 
================================================================================
DAG File Processing Stats

File Path                           PID    Runtime      # DAGs    # Errors  Last Runtime    Last Run
----------------------------------  -----  ---------  --------  ----------  --------------  -------------------
/opt/airflow/dags/ETL_cocktails.py                           0           1  0.54s           2024-09-03T19:04:29
================================================================================
[2024-09-03T19:04:57.877+0000] {manager.py:737} INFO - Searching for files in /opt/airflow/dags
[2024-09-03T19:04:57.950+0000] {manager.py:740} INFO - There are 1 files in /opt/airflow/dags
[2024-09-03T19:05:03.747+0000] {manager.py:878} INFO - 
================================================================================
DAG File Processing Stats

File Path                           PID    Runtime      # DAGs    # Errors  Last Runtime    Last Run
----------------------------------  -----  ---------  --------  ----------  --------------  -------------------
/opt/airflow/dags/ETL_cocktails.py                           0           1  0.38s           2024-09-03T19:04:59
================================================================================
[2024-09-03T19:05:29.364+0000] {manager.py:452} INFO - Exiting gracefully upon receiving signal 15
[2024-09-03T19:09:18.280+0000] {manager.py:470} INFO - Processing files using up to 2 processes at a time 
[2024-09-03T19:09:18.283+0000] {manager.py:471} INFO - Process each file at most once every 30 seconds
[2024-09-03T19:09:18.285+0000] {manager.py:472} INFO - Checking for new files in /opt/airflow/dags every 300 seconds
[2024-09-03T19:09:18.286+0000] {manager.py:737} INFO - Searching for files in /opt/airflow/dags
[2024-09-03T19:09:18.469+0000] {manager.py:740} INFO - There are 1 files in /opt/airflow/dags
[2024-09-03T19:09:18.594+0000] {manager.py:878} INFO - 
================================================================================
DAG File Processing Stats

File Path                             PID  Runtime      # DAGs    # Errors  Last Runtime    Last Run
----------------------------------  -----  ---------  --------  ----------  --------------  ----------
/opt/airflow/dags/ETL_cocktails.py     57  0.05s             0           0
================================================================================
[2024-09-03T19:09:50.046+0000] {manager.py:878} INFO - 
================================================================================
DAG File Processing Stats

File Path                           PID    Runtime      # DAGs    # Errors  Last Runtime    Last Run
----------------------------------  -----  ---------  --------  ----------  --------------  -------------------
/opt/airflow/dags/ETL_cocktails.py                           1           0  10.37s          2024-09-03T19:09:28
================================================================================
[2024-09-03T19:10:20.712+0000] {manager.py:878} INFO - 
================================================================================
DAG File Processing Stats

File Path                             PID  Runtime      # DAGs    # Errors  Last Runtime    Last Run
----------------------------------  -----  ---------  --------  ----------  --------------  -------------------
/opt/airflow/dags/ETL_cocktails.py     65  21.25s            1           0  10.37s          2024-09-03T19:09:28
================================================================================
[2024-09-03T19:10:50.910+0000] {manager.py:878} INFO - 
================================================================================
DAG File Processing Stats

File Path                           PID    Runtime      # DAGs    # Errors  Last Runtime    Last Run
----------------------------------  -----  ---------  --------  ----------  --------------  -------------------
/opt/airflow/dags/ETL_cocktails.py                           1           0  22.47s          2024-09-03T19:10:21
================================================================================
[2024-09-03T19:11:21.376+0000] {manager.py:878} INFO - 
================================================================================
DAG File Processing Stats

File Path                           PID    Runtime      # DAGs    # Errors  Last Runtime    Last Run
----------------------------------  -----  ---------  --------  ----------  --------------  -------------------
/opt/airflow/dags/ETL_cocktails.py                           1           0  0.71s           2024-09-03T19:10:52
================================================================================
[2024-09-03T19:11:51.667+0000] {manager.py:878} INFO - 
================================================================================
DAG File Processing Stats

File Path                           PID    Runtime      # DAGs    # Errors  Last Runtime    Last Run
----------------------------------  -----  ---------  --------  ----------  --------------  -------------------
/opt/airflow/dags/ETL_cocktails.py                           1           0  0.65s           2024-09-03T19:11:24
================================================================================
[2024-09-03T19:12:21.893+0000] {manager.py:878} INFO - 
================================================================================
DAG File Processing Stats

File Path                           PID    Runtime      # DAGs    # Errors  Last Runtime    Last Run
----------------------------------  -----  ---------  --------  ----------  --------------  -------------------
/opt/airflow/dags/ETL_cocktails.py                           1           0  0.57s           2024-09-03T19:11:54
================================================================================
[2024-09-03T19:12:52.114+0000] {manager.py:878} INFO - 
================================================================================
DAG File Processing Stats

File Path                           PID    Runtime      # DAGs    # Errors  Last Runtime    Last Run
----------------------------------  -----  ---------  --------  ----------  --------------  -------------------
/opt/airflow/dags/ETL_cocktails.py                           1           0  0.58s           2024-09-03T19:12:25
================================================================================
[2024-09-03T19:13:22.429+0000] {manager.py:878} INFO - 
================================================================================
DAG File Processing Stats

File Path                           PID    Runtime      # DAGs    # Errors  Last Runtime    Last Run
----------------------------------  -----  ---------  --------  ----------  --------------  -------------------
/opt/airflow/dags/ETL_cocktails.py                           1           0  0.56s           2024-09-03T19:12:56
================================================================================
[2024-09-03T19:13:52.723+0000] {manager.py:878} INFO - 
================================================================================
DAG File Processing Stats

File Path                           PID    Runtime      # DAGs    # Errors  Last Runtime    Last Run
----------------------------------  -----  ---------  --------  ----------  --------------  -------------------
/opt/airflow/dags/ETL_cocktails.py                           1           0  0.62s           2024-09-03T19:13:27
================================================================================
[2024-09-03T19:14:18.653+0000] {manager.py:737} INFO - Searching for files in /opt/airflow/dags
[2024-09-03T19:14:18.712+0000] {manager.py:740} INFO - There are 1 files in /opt/airflow/dags
[2024-09-03T19:14:23.790+0000] {manager.py:878} INFO - 
================================================================================
DAG File Processing Stats

File Path                           PID    Runtime      # DAGs    # Errors  Last Runtime    Last Run
----------------------------------  -----  ---------  --------  ----------  --------------  -------------------
/opt/airflow/dags/ETL_cocktails.py                           1           0  17.16s          2024-09-03T19:14:15
================================================================================
[2024-09-03T19:14:53.835+0000] {manager.py:878} INFO - 
================================================================================
DAG File Processing Stats

File Path                           PID    Runtime      # DAGs    # Errors  Last Runtime    Last Run
----------------------------------  -----  ---------  --------  ----------  --------------  -------------------
/opt/airflow/dags/ETL_cocktails.py                           1           0  0.91s           2024-09-03T19:14:46
================================================================================
[2024-09-03T19:15:23.844+0000] {manager.py:878} INFO - 
================================================================================
DAG File Processing Stats

File Path                           PID    Runtime      # DAGs    # Errors  Last Runtime    Last Run
----------------------------------  -----  ---------  --------  ----------  --------------  -------------------
/opt/airflow/dags/ETL_cocktails.py                           1           0  1.25s           2024-09-03T19:15:18
================================================================================
[2024-09-03T19:15:54.268+0000] {manager.py:878} INFO - 
================================================================================
DAG File Processing Stats

File Path                           PID    Runtime      # DAGs    # Errors  Last Runtime    Last Run
----------------------------------  -----  ---------  --------  ----------  --------------  -------------------
/opt/airflow/dags/ETL_cocktails.py                           1           0  0.58s           2024-09-03T19:15:49
================================================================================
[2024-09-03T19:16:24.737+0000] {manager.py:878} INFO - 
================================================================================
DAG File Processing Stats

File Path                           PID    Runtime      # DAGs    # Errors  Last Runtime    Last Run
----------------------------------  -----  ---------  --------  ----------  --------------  -------------------
/opt/airflow/dags/ETL_cocktails.py                           1           0  0.72s           2024-09-03T19:16:20
================================================================================
[2024-09-03T19:16:55.346+0000] {manager.py:878} INFO - 
================================================================================
DAG File Processing Stats

File Path                           PID    Runtime      # DAGs    # Errors  Last Runtime    Last Run
----------------------------------  -----  ---------  --------  ----------  --------------  -------------------
/opt/airflow/dags/ETL_cocktails.py                           1           0  2.45s           2024-09-03T19:16:53
================================================================================
[2024-09-03T19:17:32.716+0000] {manager.py:878} INFO - 
================================================================================
DAG File Processing Stats

File Path                             PID  Runtime      # DAGs    # Errors  Last Runtime    Last Run
----------------------------------  -----  ---------  --------  ----------  --------------  -------------------
/opt/airflow/dags/ETL_cocktails.py    185  8.91s             1           0  2.45s           2024-09-03T19:16:53
================================================================================
[2024-09-03T19:18:03.415+0000] {manager.py:878} INFO - 
================================================================================
DAG File Processing Stats

File Path                           PID    Runtime      # DAGs    # Errors  Last Runtime    Last Run
----------------------------------  -----  ---------  --------  ----------  --------------  -------------------
/opt/airflow/dags/ETL_cocktails.py                           1           0  27.49s          2024-09-03T19:17:51
================================================================================
[2024-09-03T19:18:35.218+0000] {manager.py:878} INFO - 
================================================================================
DAG File Processing Stats

File Path                             PID  Runtime      # DAGs    # Errors  Last Runtime    Last Run
----------------------------------  -----  ---------  --------  ----------  --------------  -------------------
/opt/airflow/dags/ETL_cocktails.py    203  13.20s            1           0  27.49s          2024-09-03T19:17:51
================================================================================
[2024-09-03T19:19:10.993+0000] {manager.py:878} INFO - 
================================================================================
DAG File Processing Stats

File Path                           PID    Runtime      # DAGs    # Errors  Last Runtime    Last Run
----------------------------------  -----  ---------  --------  ----------  --------------  -------------------
/opt/airflow/dags/ETL_cocktails.py                           1           0  39.64s          2024-09-03T19:19:01
================================================================================
[2024-09-03T19:19:19.228+0000] {manager.py:737} INFO - Searching for files in /opt/airflow/dags
[2024-09-03T19:19:22.744+0000] {manager.py:740} INFO - There are 1 files in /opt/airflow/dags
[2024-09-03T19:19:46.712+0000] {manager.py:878} INFO - 
================================================================================
DAG File Processing Stats

File Path                             PID  Runtime      # DAGs    # Errors  Last Runtime    Last Run
----------------------------------  -----  ---------  --------  ----------  --------------  -------------------
/opt/airflow/dags/ETL_cocktails.py    225  10.96s            1           0  39.64s          2024-09-03T19:19:01
================================================================================
[2024-09-03T19:20:21.047+0000] {manager.py:878} INFO - 
================================================================================
DAG File Processing Stats

File Path                           PID    Runtime      # DAGs    # Errors  Last Runtime    Last Run
----------------------------------  -----  ---------  --------  ----------  --------------  -------------------
/opt/airflow/dags/ETL_cocktails.py                           1           0  20.06s          2024-09-03T19:19:55
================================================================================
[2024-09-03T19:20:51.298+0000] {manager.py:878} INFO - 
================================================================================
DAG File Processing Stats

File Path                           PID    Runtime      # DAGs    # Errors  Last Runtime    Last Run
----------------------------------  -----  ---------  --------  ----------  --------------  -------------------
/opt/airflow/dags/ETL_cocktails.py                           1           0  5.37s           2024-09-03T19:20:31
================================================================================
[2024-09-03T19:21:22.383+0000] {manager.py:878} INFO - 
================================================================================
DAG File Processing Stats

File Path                           PID    Runtime      # DAGs    # Errors  Last Runtime    Last Run
----------------------------------  -----  ---------  --------  ----------  --------------  -------------------
/opt/airflow/dags/ETL_cocktails.py                           1           0  0.66s           2024-09-03T19:21:03
================================================================================
[2024-09-03T19:22:00.542+0000] {manager.py:878} INFO - 
================================================================================
DAG File Processing Stats

File Path                           PID    Runtime      # DAGs    # Errors  Last Runtime    Last Run
----------------------------------  -----  ---------  --------  ----------  --------------  -------------------
/opt/airflow/dags/ETL_cocktails.py                           1           0  0.65s           2024-09-03T19:21:34
================================================================================
[2024-09-03T19:22:30.589+0000] {manager.py:878} INFO - 
================================================================================
DAG File Processing Stats

File Path                           PID    Runtime      # DAGs    # Errors  Last Runtime    Last Run
----------------------------------  -----  ---------  --------  ----------  --------------  -------------------
/opt/airflow/dags/ETL_cocktails.py                           1           0  0.74s           2024-09-03T19:22:05
================================================================================
[2024-09-03T19:23:00.882+0000] {manager.py:878} INFO - 
================================================================================
DAG File Processing Stats

File Path                           PID    Runtime      # DAGs    # Errors  Last Runtime    Last Run
----------------------------------  -----  ---------  --------  ----------  --------------  -------------------
/opt/airflow/dags/ETL_cocktails.py                           1           0  1.19s           2024-09-03T19:22:36
================================================================================
[2024-09-03T19:23:35.997+0000] {manager.py:878} INFO - 
================================================================================
DAG File Processing Stats

File Path                           PID    Runtime      # DAGs    # Errors  Last Runtime    Last Run
----------------------------------  -----  ---------  --------  ----------  --------------  -------------------
/opt/airflow/dags/ETL_cocktails.py                           1           0  5.63s           2024-09-03T19:23:13
================================================================================
[2024-09-03T19:24:09.288+0000] {manager.py:878} INFO - 
================================================================================
DAG File Processing Stats

File Path                           PID    Runtime      # DAGs    # Errors  Last Runtime    Last Run
----------------------------------  -----  ---------  --------  ----------  --------------  -------------------
/opt/airflow/dags/ETL_cocktails.py                           1           0  3.94s           2024-09-03T19:23:47
================================================================================
[2024-09-03T19:24:19.429+0000] {manager.py:737} INFO - Searching for files in /opt/airflow/dags
[2024-09-03T19:24:19.492+0000] {manager.py:740} INFO - There are 1 files in /opt/airflow/dags
[2024-09-03T19:24:39.790+0000] {manager.py:878} INFO - 
================================================================================
DAG File Processing Stats

File Path                           PID    Runtime      # DAGs    # Errors  Last Runtime    Last Run
----------------------------------  -----  ---------  --------  ----------  --------------  -------------------
/opt/airflow/dags/ETL_cocktails.py                           1           0  0.69s           2024-09-03T19:24:19
================================================================================
[2024-09-03T19:25:10.306+0000] {manager.py:878} INFO - 
================================================================================
DAG File Processing Stats

File Path                           PID    Runtime      # DAGs    # Errors  Last Runtime    Last Run
----------------------------------  -----  ---------  --------  ----------  --------------  -------------------
/opt/airflow/dags/ETL_cocktails.py                           1           0  1.18s           2024-09-03T19:24:51
================================================================================
[2024-09-03T19:25:40.633+0000] {manager.py:878} INFO - 
================================================================================
DAG File Processing Stats

File Path                           PID    Runtime      # DAGs    # Errors  Last Runtime    Last Run
----------------------------------  -----  ---------  --------  ----------  --------------  -------------------
/opt/airflow/dags/ETL_cocktails.py                           1           0  0.71s           2024-09-03T19:25:22
================================================================================
[2024-09-03T19:26:10.830+0000] {manager.py:878} INFO - 
================================================================================
DAG File Processing Stats

File Path                           PID    Runtime      # DAGs    # Errors  Last Runtime    Last Run
----------------------------------  -----  ---------  --------  ----------  --------------  -------------------
/opt/airflow/dags/ETL_cocktails.py                           1           0  0.65s           2024-09-03T19:25:53
================================================================================
[2024-09-03T19:26:41.124+0000] {manager.py:878} INFO - 
================================================================================
DAG File Processing Stats

File Path                           PID    Runtime      # DAGs    # Errors  Last Runtime    Last Run
----------------------------------  -----  ---------  --------  ----------  --------------  -------------------
/opt/airflow/dags/ETL_cocktails.py                           1           0  0.76s           2024-09-03T19:26:24
================================================================================
[2024-09-03T19:27:11.313+0000] {manager.py:878} INFO - 
================================================================================
DAG File Processing Stats

File Path                           PID    Runtime      # DAGs    # Errors  Last Runtime    Last Run
----------------------------------  -----  ---------  --------  ----------  --------------  -------------------
/opt/airflow/dags/ETL_cocktails.py                           1           0  0.54s           2024-09-03T19:26:55
================================================================================
[2024-09-03T19:27:41.559+0000] {manager.py:878} INFO - 
================================================================================
DAG File Processing Stats

File Path                           PID    Runtime      # DAGs    # Errors  Last Runtime    Last Run
----------------------------------  -----  ---------  --------  ----------  --------------  -------------------
/opt/airflow/dags/ETL_cocktails.py                           1           0  0.85s           2024-09-03T19:27:26
================================================================================
[2024-09-03T19:28:12.068+0000] {manager.py:878} INFO - 
================================================================================
DAG File Processing Stats

File Path                           PID    Runtime      # DAGs    # Errors  Last Runtime    Last Run
----------------------------------  -----  ---------  --------  ----------  --------------  -------------------
/opt/airflow/dags/ETL_cocktails.py                           1           0  0.61s           2024-09-03T19:27:57
================================================================================
[2024-09-03T19:28:42.474+0000] {manager.py:878} INFO - 
================================================================================
DAG File Processing Stats

File Path                           PID    Runtime      # DAGs    # Errors  Last Runtime    Last Run
----------------------------------  -----  ---------  --------  ----------  --------------  -------------------
/opt/airflow/dags/ETL_cocktails.py                           1           0  0.68s           2024-09-03T19:28:28
================================================================================
[2024-09-03T19:29:12.731+0000] {manager.py:878} INFO - 
================================================================================
DAG File Processing Stats

File Path                           PID    Runtime      # DAGs    # Errors  Last Runtime    Last Run
----------------------------------  -----  ---------  --------  ----------  --------------  -------------------
/opt/airflow/dags/ETL_cocktails.py                           1           0  0.55s           2024-09-03T19:28:59
================================================================================
[2024-09-03T19:29:19.769+0000] {manager.py:737} INFO - Searching for files in /opt/airflow/dags
[2024-09-03T19:29:19.805+0000] {manager.py:740} INFO - There are 1 files in /opt/airflow/dags
[2024-09-03T19:29:42.760+0000] {manager.py:878} INFO - 
================================================================================
DAG File Processing Stats

File Path                           PID    Runtime      # DAGs    # Errors  Last Runtime    Last Run
----------------------------------  -----  ---------  --------  ----------  --------------  -------------------
/opt/airflow/dags/ETL_cocktails.py                           1           0  0.62s           2024-09-03T19:29:31
================================================================================
[2024-09-03T19:30:12.974+0000] {manager.py:878} INFO - 
================================================================================
DAG File Processing Stats

File Path                           PID    Runtime      # DAGs    # Errors  Last Runtime    Last Run
----------------------------------  -----  ---------  --------  ----------  --------------  -------------------
/opt/airflow/dags/ETL_cocktails.py                           1           0  0.52s           2024-09-03T19:30:02
================================================================================
[2024-09-03T19:30:43.286+0000] {manager.py:878} INFO - 
================================================================================
DAG File Processing Stats

File Path                           PID    Runtime      # DAGs    # Errors  Last Runtime    Last Run
----------------------------------  -----  ---------  --------  ----------  --------------  -------------------
/opt/airflow/dags/ETL_cocktails.py                           1           0  0.57s           2024-09-03T19:30:32
================================================================================
[2024-09-03T19:31:13.967+0000] {manager.py:878} INFO - 
================================================================================
DAG File Processing Stats

File Path                           PID    Runtime      # DAGs    # Errors  Last Runtime    Last Run
----------------------------------  -----  ---------  --------  ----------  --------------  -------------------
/opt/airflow/dags/ETL_cocktails.py                           1           0  1.28s           2024-09-03T19:31:04
================================================================================
[2024-09-03T19:31:44.073+0000] {manager.py:878} INFO - 
================================================================================
DAG File Processing Stats

File Path                           PID    Runtime      # DAGs    # Errors  Last Runtime    Last Run
----------------------------------  -----  ---------  --------  ----------  --------------  -------------------
/opt/airflow/dags/ETL_cocktails.py                           1           0  0.64s           2024-09-03T19:31:35
================================================================================
[2024-09-03T19:32:14.635+0000] {manager.py:878} INFO - 
================================================================================
DAG File Processing Stats

File Path                           PID    Runtime      # DAGs    # Errors  Last Runtime    Last Run
----------------------------------  -----  ---------  --------  ----------  --------------  -------------------
/opt/airflow/dags/ETL_cocktails.py                           1           0  0.68s           2024-09-03T19:32:05
================================================================================
[2024-09-03T19:32:44.707+0000] {manager.py:878} INFO - 
================================================================================
DAG File Processing Stats

File Path                           PID    Runtime      # DAGs    # Errors  Last Runtime    Last Run
----------------------------------  -----  ---------  --------  ----------  --------------  -------------------
/opt/airflow/dags/ETL_cocktails.py                           1           0  0.61s           2024-09-03T19:32:36
================================================================================
[2024-09-03T19:33:15.268+0000] {manager.py:878} INFO - 
================================================================================
DAG File Processing Stats

File Path                           PID    Runtime      # DAGs    # Errors  Last Runtime    Last Run
----------------------------------  -----  ---------  --------  ----------  --------------  -------------------
/opt/airflow/dags/ETL_cocktails.py                           1           0  0.56s           2024-09-03T19:33:07
================================================================================
[2024-09-03T19:33:45.787+0000] {manager.py:878} INFO - 
================================================================================
DAG File Processing Stats

File Path                           PID    Runtime      # DAGs    # Errors  Last Runtime    Last Run
----------------------------------  -----  ---------  --------  ----------  --------------  -------------------
/opt/airflow/dags/ETL_cocktails.py                           1           0  0.60s           2024-09-03T19:33:38
================================================================================
[2024-09-03T19:34:16.365+0000] {manager.py:878} INFO - 
================================================================================
DAG File Processing Stats

File Path                           PID    Runtime      # DAGs    # Errors  Last Runtime    Last Run
----------------------------------  -----  ---------  --------  ----------  --------------  -------------------
/opt/airflow/dags/ETL_cocktails.py                           1           0  3.09s           2024-09-03T19:34:11
================================================================================
[2024-09-03T19:34:20.387+0000] {manager.py:737} INFO - Searching for files in /opt/airflow/dags
[2024-09-03T19:34:20.497+0000] {manager.py:740} INFO - There are 1 files in /opt/airflow/dags
[2024-09-03T19:34:46.376+0000] {manager.py:878} INFO - 
================================================================================
DAG File Processing Stats

File Path                           PID    Runtime      # DAGs    # Errors  Last Runtime    Last Run
----------------------------------  -----  ---------  --------  ----------  --------------  -------------------
/opt/airflow/dags/ETL_cocktails.py                           1           0  0.68s           2024-09-03T19:34:42
================================================================================
[2024-09-03T19:35:16.952+0000] {manager.py:878} INFO - 
================================================================================
DAG File Processing Stats

File Path                           PID    Runtime      # DAGs    # Errors  Last Runtime    Last Run
----------------------------------  -----  ---------  --------  ----------  --------------  -------------------
/opt/airflow/dags/ETL_cocktails.py                           1           0  0.53s           2024-09-03T19:35:13
================================================================================
[2024-09-03T19:35:47.408+0000] {manager.py:878} INFO - 
================================================================================
DAG File Processing Stats

File Path                           PID    Runtime      # DAGs    # Errors  Last Runtime    Last Run
----------------------------------  -----  ---------  --------  ----------  --------------  -------------------
/opt/airflow/dags/ETL_cocktails.py                           1           0  0.52s           2024-09-03T19:35:43
================================================================================
[2024-09-03T19:36:17.568+0000] {manager.py:878} INFO - 
================================================================================
DAG File Processing Stats

File Path                           PID    Runtime      # DAGs    # Errors  Last Runtime    Last Run
----------------------------------  -----  ---------  --------  ----------  --------------  -------------------
/opt/airflow/dags/ETL_cocktails.py                           1           0  0.57s           2024-09-03T19:36:14
================================================================================
[2024-09-03T19:36:47.838+0000] {manager.py:878} INFO - 
================================================================================
DAG File Processing Stats

File Path                           PID    Runtime      # DAGs    # Errors  Last Runtime    Last Run
----------------------------------  -----  ---------  --------  ----------  --------------  -------------------
/opt/airflow/dags/ETL_cocktails.py                           1           0  0.59s           2024-09-03T19:36:45
================================================================================
[2024-09-03T19:37:18.020+0000] {manager.py:878} INFO - 
================================================================================
DAG File Processing Stats

File Path                           PID    Runtime      # DAGs    # Errors  Last Runtime    Last Run
----------------------------------  -----  ---------  --------  ----------  --------------  -------------------
/opt/airflow/dags/ETL_cocktails.py                           1           0  0.60s           2024-09-03T19:37:16
================================================================================
[2024-09-03T19:37:48.244+0000] {manager.py:878} INFO - 
================================================================================
DAG File Processing Stats

File Path                           PID    Runtime      # DAGs    # Errors  Last Runtime    Last Run
----------------------------------  -----  ---------  --------  ----------  --------------  -------------------
/opt/airflow/dags/ETL_cocktails.py                           1           0  0.88s           2024-09-03T19:37:47
================================================================================
[2024-09-03T19:38:19.463+0000] {manager.py:878} INFO - 
================================================================================
DAG File Processing Stats

File Path                           PID    Runtime      # DAGs    # Errors  Last Runtime    Last Run
----------------------------------  -----  ---------  --------  ----------  --------------  -------------------
/opt/airflow/dags/ETL_cocktails.py                           1           0  0.88s           2024-09-03T19:37:47
================================================================================
[2024-09-03T19:38:49.565+0000] {manager.py:878} INFO - 
================================================================================
DAG File Processing Stats

File Path                           PID    Runtime      # DAGs    # Errors  Last Runtime    Last Run
----------------------------------  -----  ---------  --------  ----------  --------------  -------------------
/opt/airflow/dags/ETL_cocktails.py                           1           0  0.57s           2024-09-03T19:38:22
================================================================================
[2024-09-03T19:39:19.785+0000] {manager.py:878} INFO - 
================================================================================
DAG File Processing Stats

File Path                           PID    Runtime      # DAGs    # Errors  Last Runtime    Last Run
----------------------------------  -----  ---------  --------  ----------  --------------  -------------------
/opt/airflow/dags/ETL_cocktails.py                           1           0  0.61s           2024-09-03T19:38:53
================================================================================
[2024-09-03T19:39:20.388+0000] {manager.py:737} INFO - Searching for files in /opt/airflow/dags
[2024-09-03T19:39:20.711+0000] {manager.py:740} INFO - There are 1 files in /opt/airflow/dags
[2024-09-03T19:39:49.867+0000] {manager.py:878} INFO - 
================================================================================
DAG File Processing Stats

File Path                           PID    Runtime      # DAGs    # Errors  Last Runtime    Last Run
----------------------------------  -----  ---------  --------  ----------  --------------  -------------------
/opt/airflow/dags/ETL_cocktails.py                           1           0  0.53s           2024-09-03T19:39:24
================================================================================
[2024-09-03T19:40:20.403+0000] {manager.py:878} INFO - 
================================================================================
DAG File Processing Stats

File Path                           PID    Runtime      # DAGs    # Errors  Last Runtime    Last Run
----------------------------------  -----  ---------  --------  ----------  --------------  -------------------
/opt/airflow/dags/ETL_cocktails.py                           1           0  0.55s           2024-09-03T19:39:55
================================================================================
[2024-09-03T19:40:50.435+0000] {manager.py:878} INFO - 
================================================================================
DAG File Processing Stats

File Path                           PID    Runtime      # DAGs    # Errors  Last Runtime    Last Run
----------------------------------  -----  ---------  --------  ----------  --------------  -------------------
/opt/airflow/dags/ETL_cocktails.py                           1           0  0.56s           2024-09-03T19:40:26
================================================================================
[2024-09-03T19:41:21.171+0000] {manager.py:878} INFO - 
================================================================================
DAG File Processing Stats

File Path                           PID    Runtime      # DAGs    # Errors  Last Runtime    Last Run
----------------------------------  -----  ---------  --------  ----------  --------------  -------------------
/opt/airflow/dags/ETL_cocktails.py                           1           0  0.55s           2024-09-03T19:40:57
================================================================================
[2024-09-03T19:41:51.414+0000] {manager.py:878} INFO - 
================================================================================
DAG File Processing Stats

File Path                           PID    Runtime      # DAGs    # Errors  Last Runtime    Last Run
----------------------------------  -----  ---------  --------  ----------  --------------  -------------------
/opt/airflow/dags/ETL_cocktails.py                           1           0  0.57s           2024-09-03T19:41:27
================================================================================
[2024-09-03T19:42:21.609+0000] {manager.py:878} INFO - 
================================================================================
DAG File Processing Stats

File Path                           PID    Runtime      # DAGs    # Errors  Last Runtime    Last Run
----------------------------------  -----  ---------  --------  ----------  --------------  -------------------
/opt/airflow/dags/ETL_cocktails.py                           1           0  0.62s           2024-09-03T19:41:58
================================================================================
[2024-09-03T19:42:51.827+0000] {manager.py:878} INFO - 
================================================================================
DAG File Processing Stats

File Path                           PID    Runtime      # DAGs    # Errors  Last Runtime    Last Run
----------------------------------  -----  ---------  --------  ----------  --------------  -------------------
/opt/airflow/dags/ETL_cocktails.py                           1           0  0.92s           2024-09-03T19:42:29
================================================================================
[2024-09-03T19:43:22.030+0000] {manager.py:878} INFO - 
================================================================================
DAG File Processing Stats

File Path                           PID    Runtime      # DAGs    # Errors  Last Runtime    Last Run
----------------------------------  -----  ---------  --------  ----------  --------------  -------------------
/opt/airflow/dags/ETL_cocktails.py                           1           0  0.87s           2024-09-03T19:43:00
================================================================================
[2024-09-03T19:43:52.196+0000] {manager.py:878} INFO - 
================================================================================
DAG File Processing Stats

File Path                           PID    Runtime      # DAGs    # Errors  Last Runtime    Last Run
----------------------------------  -----  ---------  --------  ----------  --------------  -------------------
/opt/airflow/dags/ETL_cocktails.py                           1           0  0.95s           2024-09-03T19:43:32
================================================================================
[2024-09-03T19:44:20.735+0000] {manager.py:737} INFO - Searching for files in /opt/airflow/dags
[2024-09-03T19:44:20.793+0000] {manager.py:740} INFO - There are 1 files in /opt/airflow/dags
[2024-09-03T19:44:22.827+0000] {manager.py:878} INFO - 
================================================================================
DAG File Processing Stats

File Path                           PID    Runtime      # DAGs    # Errors  Last Runtime    Last Run
----------------------------------  -----  ---------  --------  ----------  --------------  -------------------
/opt/airflow/dags/ETL_cocktails.py                           1           0  0.65s           2024-09-03T19:44:02
================================================================================
[2024-09-03T19:44:53.271+0000] {manager.py:878} INFO - 
================================================================================
DAG File Processing Stats

File Path                           PID    Runtime      # DAGs    # Errors  Last Runtime    Last Run
----------------------------------  -----  ---------  --------  ----------  --------------  -------------------
/opt/airflow/dags/ETL_cocktails.py                           1           0  0.53s           2024-09-03T19:44:34
================================================================================
[2024-09-03T19:45:23.780+0000] {manager.py:878} INFO - 
================================================================================
DAG File Processing Stats

File Path                           PID    Runtime      # DAGs    # Errors  Last Runtime    Last Run
----------------------------------  -----  ---------  --------  ----------  --------------  -------------------
/opt/airflow/dags/ETL_cocktails.py                           1           0  0.55s           2024-09-03T19:45:05
================================================================================
[2024-09-03T19:45:54.408+0000] {manager.py:878} INFO - 
================================================================================
DAG File Processing Stats

File Path                           PID    Runtime      # DAGs    # Errors  Last Runtime    Last Run
----------------------------------  -----  ---------  --------  ----------  --------------  -------------------
/opt/airflow/dags/ETL_cocktails.py                           1           0  0.56s           2024-09-03T19:45:36
================================================================================
[2024-09-03T19:46:24.739+0000] {manager.py:878} INFO - 
================================================================================
DAG File Processing Stats

File Path                           PID    Runtime      # DAGs    # Errors  Last Runtime    Last Run
----------------------------------  -----  ---------  --------  ----------  --------------  -------------------
/opt/airflow/dags/ETL_cocktails.py                           1           0  0.52s           2024-09-03T19:46:07
================================================================================
[2024-09-03T19:46:54.907+0000] {manager.py:878} INFO - 
================================================================================
DAG File Processing Stats

File Path                           PID    Runtime      # DAGs    # Errors  Last Runtime    Last Run
----------------------------------  -----  ---------  --------  ----------  --------------  -------------------
/opt/airflow/dags/ETL_cocktails.py                           1           0  0.58s           2024-09-03T19:46:37
================================================================================
[2024-09-03T19:47:25.132+0000] {manager.py:878} INFO - 
================================================================================
DAG File Processing Stats

File Path                           PID    Runtime      # DAGs    # Errors  Last Runtime    Last Run
----------------------------------  -----  ---------  --------  ----------  --------------  -------------------
/opt/airflow/dags/ETL_cocktails.py                           1           0  0.53s           2024-09-03T19:47:08
================================================================================
[2024-09-03T19:47:55.318+0000] {manager.py:878} INFO - 
================================================================================
DAG File Processing Stats

File Path                           PID    Runtime      # DAGs    # Errors  Last Runtime    Last Run
----------------------------------  -----  ---------  --------  ----------  --------------  -------------------
/opt/airflow/dags/ETL_cocktails.py                           1           0  0.51s           2024-09-03T19:47:39
================================================================================
[2024-09-03T19:48:25.529+0000] {manager.py:878} INFO - 
================================================================================
DAG File Processing Stats

File Path                           PID    Runtime      # DAGs    # Errors  Last Runtime    Last Run
----------------------------------  -----  ---------  --------  ----------  --------------  -------------------
/opt/airflow/dags/ETL_cocktails.py                           1           0  0.50s           2024-09-03T19:48:09
================================================================================
[2024-09-03T19:48:55.700+0000] {manager.py:878} INFO - 
================================================================================
DAG File Processing Stats

File Path                           PID    Runtime      # DAGs    # Errors  Last Runtime    Last Run
----------------------------------  -----  ---------  --------  ----------  --------------  -------------------
/opt/airflow/dags/ETL_cocktails.py                           1           0  0.49s           2024-09-03T19:48:40
================================================================================
[2024-09-03T19:49:20.842+0000] {manager.py:737} INFO - Searching for files in /opt/airflow/dags
[2024-09-03T19:49:20.891+0000] {manager.py:740} INFO - There are 1 files in /opt/airflow/dags
[2024-09-03T19:49:25.927+0000] {manager.py:878} INFO - 
================================================================================
DAG File Processing Stats

File Path                           PID    Runtime      # DAGs    # Errors  Last Runtime    Last Run
----------------------------------  -----  ---------  --------  ----------  --------------  -------------------
/opt/airflow/dags/ETL_cocktails.py                           1           0  0.53s           2024-09-03T19:49:11
================================================================================
[2024-09-03T19:49:56.071+0000] {manager.py:878} INFO - 
================================================================================
DAG File Processing Stats

File Path                           PID    Runtime      # DAGs    # Errors  Last Runtime    Last Run
----------------------------------  -----  ---------  --------  ----------  --------------  -------------------
/opt/airflow/dags/ETL_cocktails.py                           1           0  0.48s           2024-09-03T19:49:41
================================================================================
[2024-09-03T19:50:26.264+0000] {manager.py:878} INFO - 
================================================================================
DAG File Processing Stats

File Path                           PID    Runtime      # DAGs    # Errors  Last Runtime    Last Run
----------------------------------  -----  ---------  --------  ----------  --------------  -------------------
/opt/airflow/dags/ETL_cocktails.py                           1           0  0.51s           2024-09-03T19:50:12
================================================================================
[2024-09-03T19:50:56.419+0000] {manager.py:878} INFO - 
================================================================================
DAG File Processing Stats

File Path                           PID    Runtime      # DAGs    # Errors  Last Runtime    Last Run
----------------------------------  -----  ---------  --------  ----------  --------------  -------------------
/opt/airflow/dags/ETL_cocktails.py                           1           0  0.53s           2024-09-03T19:50:43
================================================================================
[2024-09-03T19:51:26.647+0000] {manager.py:878} INFO - 
================================================================================
DAG File Processing Stats

File Path                           PID    Runtime      # DAGs    # Errors  Last Runtime    Last Run
----------------------------------  -----  ---------  --------  ----------  --------------  -------------------
/opt/airflow/dags/ETL_cocktails.py                           1           0  0.59s           2024-09-03T19:51:14
================================================================================
[2024-09-03T19:51:56.804+0000] {manager.py:878} INFO - 
================================================================================
DAG File Processing Stats

File Path                           PID    Runtime      # DAGs    # Errors  Last Runtime    Last Run
----------------------------------  -----  ---------  --------  ----------  --------------  -------------------
/opt/airflow/dags/ETL_cocktails.py                           1           0  0.49s           2024-09-03T19:51:44
================================================================================
[2024-09-03T19:52:27.060+0000] {manager.py:878} INFO - 
================================================================================
DAG File Processing Stats

File Path                           PID    Runtime      # DAGs    # Errors  Last Runtime    Last Run
----------------------------------  -----  ---------  --------  ----------  --------------  -------------------
/opt/airflow/dags/ETL_cocktails.py                           1           0  0.75s           2024-09-03T19:52:15
================================================================================
[2024-09-03T19:52:57.283+0000] {manager.py:878} INFO - 
================================================================================
DAG File Processing Stats

File Path                           PID    Runtime      # DAGs    # Errors  Last Runtime    Last Run
----------------------------------  -----  ---------  --------  ----------  --------------  -------------------
/opt/airflow/dags/ETL_cocktails.py                           1           0  0.60s           2024-09-03T19:52:46
================================================================================
[2024-09-03T19:53:27.308+0000] {manager.py:878} INFO - 
================================================================================
DAG File Processing Stats

File Path                           PID    Runtime      # DAGs    # Errors  Last Runtime    Last Run
----------------------------------  -----  ---------  --------  ----------  --------------  -------------------
/opt/airflow/dags/ETL_cocktails.py                           1           0  0.52s           2024-09-03T19:53:17
================================================================================
[2024-09-03T19:53:57.482+0000] {manager.py:878} INFO - 
================================================================================
DAG File Processing Stats

File Path                           PID    Runtime      # DAGs    # Errors  Last Runtime    Last Run
----------------------------------  -----  ---------  --------  ----------  --------------  -------------------
/opt/airflow/dags/ETL_cocktails.py                           1           0  2.49s           2024-09-03T19:53:49
================================================================================
[2024-09-03T19:54:07.758+0000] {manager.py:452} INFO - Exiting gracefully upon receiving signal 15
