[2024-09-03T19:22:55.019+0000] {local_task_job_runner.py:120} INFO - ::group::Pre task execution logs
[2024-09-03T19:22:55.089+0000] {taskinstance.py:2076} INFO - Dependencies all met for dep_context=non-requeueable deps ti=<TaskInstance: etl-cocktails.obtencion-operator scheduled__2024-08-29T00:00:00+00:00 [queued]>
[2024-09-03T19:22:57.243+0000] {taskinstance.py:2076} INFO - Dependencies all met for dep_context=requeueable deps ti=<TaskInstance: etl-cocktails.obtencion-operator scheduled__2024-08-29T00:00:00+00:00 [queued]>
[2024-09-03T19:22:57.244+0000] {taskinstance.py:2306} INFO - Starting attempt 2 of 4
[2024-09-03T19:22:57.261+0000] {taskinstance.py:2330} INFO - Executing <Task(PythonOperator): obtencion-operator> on 2024-08-29 00:00:00+00:00
[2024-09-03T19:22:57.275+0000] {warnings.py:112} WARNING - /home/***/.local/lib/python3.12/site-packages/***/task/task_runner/standard_task_runner.py:61: DeprecationWarning: This process (pid=277) is multi-threaded, use of fork() may lead to deadlocks in the child.
  pid = os.fork()

[2024-09-03T19:22:57.279+0000] {standard_task_runner.py:63} INFO - Started process 287 to run task
[2024-09-03T19:22:57.278+0000] {standard_task_runner.py:90} INFO - Running: ['***', 'tasks', 'run', 'etl-cocktails', 'obtencion-operator', 'scheduled__2024-08-29T00:00:00+00:00', '--job-id', '24', '--raw', '--subdir', 'DAGS_FOLDER/ETL_cocktails.py', '--cfg-path', '/tmp/tmpngvus_oj']
[2024-09-03T19:22:57.281+0000] {standard_task_runner.py:91} INFO - Job 24: Subtask obtencion-operator
[2024-09-03T19:22:57.338+0000] {task_command.py:426} INFO - Running <TaskInstance: etl-cocktails.obtencion-operator scheduled__2024-08-29T00:00:00+00:00 [running]> on host 696620f486cd
[2024-09-03T19:22:57.437+0000] {taskinstance.py:2648} INFO - Exporting env vars: AIRFLOW_CTX_DAG_OWNER='juansaobento' AIRFLOW_CTX_DAG_ID='etl-cocktails' AIRFLOW_CTX_TASK_ID='obtencion-operator' AIRFLOW_CTX_EXECUTION_DATE='2024-08-29T00:00:00+00:00' AIRFLOW_CTX_TRY_NUMBER='2' AIRFLOW_CTX_DAG_RUN_ID='scheduled__2024-08-29T00:00:00+00:00'
[2024-09-03T19:22:57.441+0000] {taskinstance.py:430} INFO - ::endgroup::
[2024-09-03T19:22:58.064+0000] {python.py:237} INFO - Done. Returned value was:   idDrink       strDrink  ... strCreativeCommonsConfirmed dateModified
0  178348  Winter Paloma  ...                          No         None

[1 rows x 51 columns]
[2024-09-03T19:22:58.115+0000] {taskinstance.py:441} INFO - ::group::Post task execution logs
[2024-09-03T19:23:04.657+0000] {taskinstance.py:1206} INFO - Marking task as SUCCESS. dag_id=etl-cocktails, task_id=obtencion-operator, run_id=scheduled__2024-08-29T00:00:00+00:00, execution_date=20240829T000000, start_date=20240903T192255, end_date=20240903T192304
[2024-09-03T19:23:04.784+0000] {local_task_job_runner.py:240} INFO - Task exited with return code 0
[2024-09-03T19:23:04.842+0000] {taskinstance.py:3503} INFO - 1 downstream tasks scheduled from follow-on schedule check
[2024-09-03T19:23:04.860+0000] {local_task_job_runner.py:222} INFO - ::endgroup::
